sample-app-java/build/intermediates/manifest_merge_blame_file/debug/processDebugMainManifest/manifest-merger-blame-debug-report.txt
1<?xml version="1.0" encoding="utf-8"?>
2<manifest xmlns:android="http://schemas.android.com/apk/res/android"
3    package="com.cometchat.sampleapp.java"
4    android:versionCode="1"
5    android:versionName="5.1.1" >
6
7    <uses-sdk
8        android:minSdkVersion="27"
9        android:targetSdkVersion="35" />
10
11    <uses-permission android:name="android.permission.INTERNET" />
11-->src/main/AndroidManifest.xml:5:5-67
11-->src/main/AndroidManifest.xml:5:22-64
12    <uses-permission
12-->src/main/AndroidManifest.xml:6:5-8:38
13        android:name="android.permission.READ_EXTERNAL_STORAGE"
13-->src/main/AndroidManifest.xml:7:9-64
14        android:maxSdkVersion="32" />
14-->src/main/AndroidManifest.xml:8:9-35
15    <uses-permission android:name="android.permission.READ_MEDIA_IMAGES" />
15-->src/main/AndroidManifest.xml:9:5-76
15-->src/main/AndroidManifest.xml:9:22-73
16    <uses-permission android:name="android.permission.READ_MEDIA_VIDEO" />
16-->src/main/AndroidManifest.xml:10:5-75
16-->src/main/AndroidManifest.xml:10:22-72
17    <uses-permission android:name="android.permission.POST_NOTIFICATIONS" />
17-->src/main/AndroidManifest.xml:11:5-77
17-->src/main/AndroidManifest.xml:11:22-74
18
19    <!-- VoIP -->
20    <uses-permission android:name="android.permission.ACCESS_NETWORK_STATE" />
20-->src/main/AndroidManifest.xml:14:5-79
20-->src/main/AndroidManifest.xml:14:22-76
21    <uses-permission android:name="android.permission.READ_PHONE_STATE" />
21-->src/main/AndroidManifest.xml:15:5-75
21-->src/main/AndroidManifest.xml:15:22-72
22    <uses-permission android:name="android.permission.RECORD_AUDIO" />
22-->src/main/AndroidManifest.xml:16:5-71
22-->src/main/AndroidManifest.xml:16:22-68
23    <uses-permission android:name="android.permission.CALL_PHONE" />
23-->src/main/AndroidManifest.xml:17:5-69
23-->src/main/AndroidManifest.xml:17:22-66
24    <uses-permission android:name="android.permission.MANAGE_OWN_CALLS" />
24-->src/main/AndroidManifest.xml:18:5-75
24-->src/main/AndroidManifest.xml:18:22-72
25    <uses-permission android:name="android.permission.WAKE_LOCK" />
25-->src/main/AndroidManifest.xml:19:5-68
25-->src/main/AndroidManifest.xml:19:22-65
26    <uses-permission android:name="android.permission.ANSWER_PHONE_CALLS" />
26-->src/main/AndroidManifest.xml:20:5-77
26-->src/main/AndroidManifest.xml:20:22-74
27
28    <uses-feature
28-->src/main/AndroidManifest.xml:22:5-24:36
29        android:name="android.hardware.sensor.proximity"
29-->src/main/AndroidManifest.xml:23:9-57
30        android:required="false" />
30-->src/main/AndroidManifest.xml:24:9-33
31    <uses-feature
31-->src/main/AndroidManifest.xml:25:5-27:36
32        android:name="android.hardware.telephony"
32-->src/main/AndroidManifest.xml:26:9-50
33        android:required="false" />
33-->src/main/AndroidManifest.xml:27:9-33
34
35    <uses-permission android:name="android.permission.CAMERA" />
35-->[:chatuikit] AndroidManifest.xml:10:5-65
35-->[:chatuikit] AndroidManifest.xml:10:22-62
36    <uses-permission android:name="android.permission.MODIFY_AUDIO_SETTINGS" />
36-->[:chatuikit] AndroidManifest.xml:12:5-80
36-->[:chatuikit] AndroidManifest.xml:12:22-77
37    <uses-permission
37-->[:chatuikit] AndroidManifest.xml:13:5-15:38
38        android:name="android.permission.WRITE_EXTERNAL_STORAGE"
38-->[:chatuikit] AndroidManifest.xml:14:9-65
39        android:maxSdkVersion="32" />
39-->[:chatuikit] AndroidManifest.xml:15:9-35
40    <uses-permission android:name="android.permission.VIBRATE" />
40-->[:chatuikit] AndroidManifest.xml:19:5-66
40-->[:chatuikit] AndroidManifest.xml:19:22-63
41
42    <queries>
42-->[:chatuikit] AndroidManifest.xml:21:5-35:15
43        <intent>
43-->[:chatuikit] AndroidManifest.xml:22:9-26:18
44            <action android:name="android.intent.action.GET_CONTENT" />
44-->[:chatuikit] AndroidManifest.xml:23:13-72
44-->[:chatuikit] AndroidManifest.xml:23:21-69
45
46            <data android:mimeType="image/* video/*" />
46-->[:chatuikit] AndroidManifest.xml:25:13-56
46-->[:chatuikit] AndroidManifest.xml:25:19-53
47        </intent>
48        <intent>
48-->[:chatuikit] AndroidManifest.xml:27:9-31:18
49            <action android:name="android.intent.action.PICK" />
49-->[:chatuikit] AndroidManifest.xml:28:13-65
49-->[:chatuikit] AndroidManifest.xml:28:21-62
50
51            <data android:mimeType="image/* video/*" />
51-->[:chatuikit] AndroidManifest.xml:25:13-56
51-->[:chatuikit] AndroidManifest.xml:25:19-53
52        </intent>
53        <intent>
53-->[:chatuikit] AndroidManifest.xml:32:9-34:18
54            <action android:name="android.intent.action.CHOOSER" />
54-->[:chatuikit] AndroidManifest.xml:33:13-68
54-->[:chatuikit] AndroidManifest.xml:33:21-65
55        </intent>
56    </queries>
57
58    <uses-permission android:name="android.permission.BLUETOOTH" />
58-->[com.cometchat:calls-sdk-android:4.3.1] AndroidManifest.xml:11:5-68
58-->[com.cometchat:calls-sdk-android:4.3.1] AndroidManifest.xml:11:22-65
59    <uses-permission android:name="android.permission.BLUETOOTH_CONNECT" />
59-->[com.cometchat:calls-sdk-android:4.3.1] AndroidManifest.xml:12:5-76
59-->[com.cometchat:calls-sdk-android:4.3.1] AndroidManifest.xml:12:22-73
60    <uses-permission android:name="android.permission.BLUETOOTH_CONNECT" />
60-->[com.cometchat:calls-sdk-android:4.3.1] AndroidManifest.xml:12:5-76
60-->[com.cometchat:calls-sdk-android:4.3.1] AndroidManifest.xml:12:22-73
61    <uses-permission android:name="android.permission.SYSTEM_ALERT_WINDOW" />
61-->[com.cometchat:calls-sdk-android:4.3.1] AndroidManifest.xml:19:5-78
61-->[com.cometchat:calls-sdk-android:4.3.1] AndroidManifest.xml:19:22-75
62    <uses-permission android:name="android.permission.ACCESS_WIFI_STATE" />
62-->[com.cometchat:calls-sdk-android:4.3.1] AndroidManifest.xml:21:5-76
62-->[com.cometchat:calls-sdk-android:4.3.1] AndroidManifest.xml:21:22-73
63    <uses-permission android:name="android.permission.FOREGROUND_SERVICE" />
63-->[com.cometchat:calls-sdk-android:4.3.1] AndroidManifest.xml:22:5-77
63-->[com.cometchat:calls-sdk-android:4.3.1] AndroidManifest.xml:22:22-74
64
65    <uses-feature
65-->[com.cometchat:calls-sdk-android:4.3.1] AndroidManifest.xml:24:5-26:35
66        android:glEsVersion="0x00020000"
66-->[com.cometchat:calls-sdk-android:4.3.1] AndroidManifest.xml:25:9-41
67        android:required="true" />
67-->[com.cometchat:calls-sdk-android:4.3.1] AndroidManifest.xml:26:9-32
68
69    <permission
69-->[androidx.core:core:1.13.1] AndroidManifest.xml:22:5-24:47
70        android:name="com.cometchat.sampleapp.java.DYNAMIC_RECEIVER_NOT_EXPORTED_PERMISSION"
70-->[androidx.core:core:1.13.1] AndroidManifest.xml:23:9-81
71        android:protectionLevel="signature" />
71-->[androidx.core:core:1.13.1] AndroidManifest.xml:24:9-44
72
73    <uses-permission android:name="com.cometchat.sampleapp.java.DYNAMIC_RECEIVER_NOT_EXPORTED_PERMISSION" />
73-->[androidx.core:core:1.13.1] AndroidManifest.xml:26:5-97
73-->[androidx.core:core:1.13.1] AndroidManifest.xml:26:22-94
74
75    <application
75-->src/main/AndroidManifest.xml:29:5-84:19
76        android:name="com.cometchat.sampleapp.java.utils.MyApplication"
76-->src/main/AndroidManifest.xml:30:9-44
77        android:allowBackup="true"
77-->src/main/AndroidManifest.xml:31:9-35
78        android:appComponentFactory="androidx.core.app.CoreComponentFactory"
78-->[androidx.core:core:1.13.1] AndroidManifest.xml:28:18-86
79        android:debuggable="true"
80        android:exported="true"
80-->[com.cometchat:calls-sdk-android:4.3.1] AndroidManifest.xml:29:9-32
81        android:extractNativeLibs="false"
82        android:hardwareAccelerated="true"
82-->[:chatuikit] AndroidManifest.xml:38:9-43
83        android:icon="@mipmap/ic_launcher"
83-->src/main/AndroidManifest.xml:32:9-43
84        android:label="@string/app_name"
84-->src/main/AndroidManifest.xml:33:9-41
85        android:localeConfig="@xml/cometchat_locale_config"
85-->src/main/AndroidManifest.xml:34:9-60
86        android:requestLegacyExternalStorage="true"
86-->[:chatuikit] AndroidManifest.xml:39:9-52
87        android:roundIcon="@mipmap/ic_launcher_round"
87-->src/main/AndroidManifest.xml:35:9-54
88        android:supportsRtl="true"
88-->src/main/AndroidManifest.xml:36:9-35
89        android:testOnly="true"
90        android:theme="@style/JavaSampleApp.v5" >
90-->src/main/AndroidManifest.xml:37:9-48
91        <activity
91-->src/main/AndroidManifest.xml:40:9-42:40
92            android:name="com.cometchat.sampleapp.java.ui.activity.NewChatActivity"
92-->src/main/AndroidManifest.xml:41:13-56
93            android:exported="false" />
93-->src/main/AndroidManifest.xml:42:13-37
94        <activity
94-->src/main/AndroidManifest.xml:43:9-45:40
95            android:name="com.cometchat.sampleapp.java.ui.activity.AppCredentialsActivity"
95-->src/main/AndroidManifest.xml:44:13-63
96            android:exported="false" />
96-->src/main/AndroidManifest.xml:45:13-37
97        <activity
97-->src/main/AndroidManifest.xml:46:9-54:20
98            android:name="com.cometchat.sampleapp.java.ui.activity.SplashActivity"
98-->src/main/AndroidManifest.xml:47:13-55
99            android:exported="true" >
99-->src/main/AndroidManifest.xml:48:13-36
100            <intent-filter>
100-->src/main/AndroidManifest.xml:49:13-53:29
101                <action android:name="android.intent.action.MAIN" />
101-->src/main/AndroidManifest.xml:50:17-69
101-->src/main/AndroidManifest.xml:50:25-66
102
103                <category android:name="android.intent.category.LAUNCHER" />
103-->src/main/AndroidManifest.xml:52:17-77
103-->src/main/AndroidManifest.xml:52:27-74
104            </intent-filter>
105        </activity>
106        <activity
106-->src/main/AndroidManifest.xml:55:9-58:76
107            android:name="com.cometchat.sampleapp.java.ui.activity.ThreadMessageActivity"
107-->src/main/AndroidManifest.xml:56:13-62
108            android:configChanges="screenSize|orientation|keyboardHidden"
108-->src/main/AndroidManifest.xml:58:13-74
109            android:exported="false" />
109-->src/main/AndroidManifest.xml:57:13-37
110        <activity
110-->src/main/AndroidManifest.xml:59:9-61:40
111            android:name="com.cometchat.sampleapp.java.ui.activity.SearchActivity"
111-->src/main/AndroidManifest.xml:60:13-55
112            android:exported="false" />
112-->src/main/AndroidManifest.xml:61:13-37
113        <activity
113-->src/main/AndroidManifest.xml:62:9-65:58
114            android:name="com.cometchat.sampleapp.java.ui.activity.LoginActivity"
114-->src/main/AndroidManifest.xml:63:13-54
115            android:exported="false"
115-->src/main/AndroidManifest.xml:64:13-37
116            android:windowSoftInputMode="adjustResize" />
116-->src/main/AndroidManifest.xml:65:13-55
117        <activity
117-->src/main/AndroidManifest.xml:66:9-69:59
118            android:name="com.cometchat.sampleapp.java.ui.activity.HomeActivity"
118-->src/main/AndroidManifest.xml:67:13-53
119            android:exported="false"
119-->src/main/AndroidManifest.xml:68:13-37
120            android:windowSoftInputMode="adjustNothing" />
120-->src/main/AndroidManifest.xml:69:13-56
121        <activity
121-->src/main/AndroidManifest.xml:70:9-73:58
122            android:name="com.cometchat.sampleapp.java.ui.activity.MessagesActivity"
122-->src/main/AndroidManifest.xml:71:13-57
123            android:exported="false"
123-->src/main/AndroidManifest.xml:72:13-37
124            android:windowSoftInputMode="adjustResize" />
124-->src/main/AndroidManifest.xml:73:13-55
125        <activity
125-->src/main/AndroidManifest.xml:74:9-76:40
126            android:name="com.cometchat.sampleapp.java.ui.activity.GroupDetailsActivity"
126-->src/main/AndroidManifest.xml:75:13-61
127            android:exported="false" />
127-->src/main/AndroidManifest.xml:76:13-37
128        <activity
128-->src/main/AndroidManifest.xml:77:9-79:40
129            android:name="com.cometchat.sampleapp.java.ui.activity.CallDetailsActivity"
129-->src/main/AndroidManifest.xml:78:13-60
130            android:exported="false" />
130-->src/main/AndroidManifest.xml:79:13-37
131        <activity
131-->src/main/AndroidManifest.xml:80:9-82:40
132            android:name="com.cometchat.sampleapp.java.ui.activity.UserDetailsActivity"
132-->src/main/AndroidManifest.xml:81:13-60
133            android:exported="false" />
133-->src/main/AndroidManifest.xml:82:13-37
134        <activity
134-->[:chatuikit] AndroidManifest.xml:42:9-45:72
135            android:name="com.cometchat.chatuikit.shared.views.mediaviewer.CometChatImageViewerActivity"
135-->[:chatuikit] AndroidManifest.xml:43:13-105
136            android:exported="false"
136-->[:chatuikit] AndroidManifest.xml:44:13-37
137            android:theme="@style/UiKit.Internal.Theme.Transparent2" />
137-->[:chatuikit] AndroidManifest.xml:45:13-69
138        <activity
138-->[:chatuikit] AndroidManifest.xml:46:9-48:71
139            android:name="com.cometchat.chatuikit.shared.permission.CometChatPermissionActivity"
139-->[:chatuikit] AndroidManifest.xml:47:13-97
140            android:theme="@style/UiKit.Internal.Theme.Transparent" />
140-->[:chatuikit] AndroidManifest.xml:48:13-68
141        <activity
141-->[:chatuikit] AndroidManifest.xml:49:9-53:55
142            android:name="com.cometchat.chatuikit.calls.CometChatCallActivity"
142-->[:chatuikit] AndroidManifest.xml:50:13-79
143            android:configChanges="screenSize|smallestScreenSize|screenLayout"
143-->[:chatuikit] AndroidManifest.xml:51:13-79
144            android:screenOrientation="portrait"
144-->[:chatuikit] AndroidManifest.xml:52:13-49
145            android:supportsPictureInPicture="true" />
145-->[:chatuikit] AndroidManifest.xml:53:13-52
146        <activity
146-->[:chatuikit] AndroidManifest.xml:54:9-56:40
147            android:name="com.cometchat.chatuikit.extensions.collaborative.CometChatWebViewActivity"
147-->[:chatuikit] AndroidManifest.xml:55:13-101
148            android:exported="false" />
148-->[:chatuikit] AndroidManifest.xml:56:13-37
149        <activity
149-->[:chatuikit] AndroidManifest.xml:57:9-63:55
150            android:name="com.cometchat.chatuikit.calls.CometChatOngoingCallActivity"
150-->[:chatuikit] AndroidManifest.xml:58:13-86
151            android:configChanges="screenSize|smallestScreenSize|screenLayout"
151-->[:chatuikit] AndroidManifest.xml:59:13-79
152            android:excludeFromRecents="true"
152-->[:chatuikit] AndroidManifest.xml:60:13-46
153            android:exported="false"
153-->[:chatuikit] AndroidManifest.xml:61:13-37
154            android:screenOrientation="portrait"
154-->[:chatuikit] AndroidManifest.xml:62:13-49
155            android:supportsPictureInPicture="true" />
155-->[:chatuikit] AndroidManifest.xml:63:13-52
156
157        <meta-data
157-->[:chatuikit] AndroidManifest.xml:65:9-67:48
158            android:name="com.cometchat.chatuikit"
158-->[:chatuikit] AndroidManifest.xml:66:13-51
159            android:value="com.cometchat.sampleapp.java" />
159-->[:chatuikit] AndroidManifest.xml:67:13-45
160
161        <provider
161-->[:chatuikit] AndroidManifest.xml:69:9-77:20
162            android:name="androidx.core.content.FileProvider"
162-->[:chatuikit] AndroidManifest.xml:70:13-62
163            android:authorities="com.cometchat.sampleapp.java.provider"
163-->[:chatuikit] AndroidManifest.xml:71:13-60
164            android:exported="false"
164-->[:chatuikit] AndroidManifest.xml:72:13-37
165            android:grantUriPermissions="true" >
165-->[:chatuikit] AndroidManifest.xml:73:13-47
166            <meta-data
166-->[:chatuikit] AndroidManifest.xml:74:13-76:57
167                android:name="android.support.FILE_PROVIDER_PATHS"
167-->[:chatuikit] AndroidManifest.xml:75:17-67
168                android:resource="@xml/provider_path" />
168-->[:chatuikit] AndroidManifest.xml:76:17-54
169        </provider>
170
171        <activity
171-->[com.cometchat:calls-sdk-android:4.3.1] AndroidManifest.xml:32:9-34:40
172            android:name="com.cometchat.calls.CallScreenActivity"
172-->[com.cometchat:calls-sdk-android:4.3.1] AndroidManifest.xml:33:13-66
173            android:exported="false" />
173-->[com.cometchat:calls-sdk-android:4.3.1] AndroidManifest.xml:34:13-37
174
175        <service
175-->[com.facebook.react:react-native-webrtc:124.0.4-cometchat-21164567] AndroidManifest.xml:9:9-12:19
176            android:name="com.oney.WebRTCModule.MediaProjectionService"
176-->[com.facebook.react:react-native-webrtc:124.0.4-cometchat-21164567] AndroidManifest.xml:10:13-72
177            android:foregroundServiceType="mediaProjection" >
177-->[com.facebook.react:react-native-webrtc:124.0.4-cometchat-21164567] AndroidManifest.xml:11:13-60
178        </service>
179
180        <activity
180-->[com.facebook.react:react-android:0.77.2] AndroidManifest.xml:19:9-21:40
181            android:name="com.facebook.react.devsupport.DevSettingsActivity"
181-->[com.facebook.react:react-android:0.77.2] AndroidManifest.xml:20:13-77
182            android:exported="false" />
182-->[com.facebook.react:react-android:0.77.2] AndroidManifest.xml:21:13-37
183
184        <provider
184-->[androidx.emoji2:emoji2:1.3.0] AndroidManifest.xml:24:9-32:20
185            android:name="androidx.startup.InitializationProvider"
185-->[androidx.emoji2:emoji2:1.3.0] AndroidManifest.xml:25:13-67
186            android:authorities="com.cometchat.sampleapp.java.androidx-startup"
186-->[androidx.emoji2:emoji2:1.3.0] AndroidManifest.xml:26:13-68
187            android:exported="false" >
187-->[androidx.emoji2:emoji2:1.3.0] AndroidManifest.xml:27:13-37
188            <meta-data
188-->[androidx.emoji2:emoji2:1.3.0] AndroidManifest.xml:29:13-31:52
189                android:name="androidx.emoji2.text.EmojiCompatInitializer"
189-->[androidx.emoji2:emoji2:1.3.0] AndroidManifest.xml:30:17-75
190                android:value="androidx.startup" />
190-->[androidx.emoji2:emoji2:1.3.0] AndroidManifest.xml:31:17-49
191            <meta-data
191-->[androidx.lifecycle:lifecycle-process:2.6.2] AndroidManifest.xml:29:13-31:52
192                android:name="androidx.lifecycle.ProcessLifecycleInitializer"
192-->[androidx.lifecycle:lifecycle-process:2.6.2] AndroidManifest.xml:30:17-78
193                android:value="androidx.startup" />
193-->[androidx.lifecycle:lifecycle-process:2.6.2] AndroidManifest.xml:31:17-49
194            <meta-data
194-->[androidx.profileinstaller:profileinstaller:1.4.0] AndroidManifest.xml:29:13-31:52
195                android:name="androidx.profileinstaller.ProfileInstallerInitializer"
195-->[androidx.profileinstaller:profileinstaller:1.4.0] AndroidManifest.xml:30:17-85
196                android:value="androidx.startup" />
196-->[androidx.profileinstaller:profileinstaller:1.4.0] AndroidManifest.xml:31:17-49
197        </provider>
198
199        <receiver
199-->[androidx.profileinstaller:profileinstaller:1.4.0] AndroidManifest.xml:34:9-52:20
200            android:name="androidx.profileinstaller.ProfileInstallReceiver"
200-->[androidx.profileinstaller:profileinstaller:1.4.0] AndroidManifest.xml:35:13-76
201            android:directBootAware="false"
201-->[androidx.profileinstaller:profileinstaller:1.4.0] AndroidManifest.xml:36:13-44
202            android:enabled="true"
202-->[androidx.profileinstaller:profileinstaller:1.4.0] AndroidManifest.xml:37:13-35
203            android:exported="true"
203-->[androidx.profileinstaller:profileinstaller:1.4.0] AndroidManifest.xml:38:13-36
204            android:permission="android.permission.DUMP" >
204-->[androidx.profileinstaller:profileinstaller:1.4.0] AndroidManifest.xml:39:13-57
205            <intent-filter>
205-->[androidx.profileinstaller:profileinstaller:1.4.0] AndroidManifest.xml:40:13-42:29
206                <action android:name="androidx.profileinstaller.action.INSTALL_PROFILE" />
206-->[androidx.profileinstaller:profileinstaller:1.4.0] AndroidManifest.xml:41:17-91
206-->[androidx.profileinstaller:profileinstaller:1.4.0] AndroidManifest.xml:41:25-88
207            </intent-filter>
208            <intent-filter>
208-->[androidx.profileinstaller:profileinstaller:1.4.0] AndroidManifest.xml:43:13-45:29
209                <action android:name="androidx.profileinstaller.action.SKIP_FILE" />
209-->[androidx.profileinstaller:profileinstaller:1.4.0] AndroidManifest.xml:44:17-85
209-->[androidx.profileinstaller:profileinstaller:1.4.0] AndroidManifest.xml:44:25-82
210            </intent-filter>
211            <intent-filter>
211-->[androidx.profileinstaller:profileinstaller:1.4.0] AndroidManifest.xml:46:13-48:29
212                <action android:name="androidx.profileinstaller.action.SAVE_PROFILE" />
212-->[androidx.profileinstaller:profileinstaller:1.4.0] AndroidManifest.xml:47:17-88
212-->[androidx.profileinstaller:profileinstaller:1.4.0] AndroidManifest.xml:47:25-85
213            </intent-filter>
214            <intent-filter>
214-->[androidx.profileinstaller:profileinstaller:1.4.0] AndroidManifest.xml:49:13-51:29
215                <action android:name="androidx.profileinstaller.action.BENCHMARK_OPERATION" />
215-->[androidx.profileinstaller:profileinstaller:1.4.0] AndroidManifest.xml:50:17-95
215-->[androidx.profileinstaller:profileinstaller:1.4.0] AndroidManifest.xml:50:25-92
216            </intent-filter>
217        </receiver>
218
219        <meta-data
219-->[com.facebook.soloader:soloader:0.12.1] AndroidManifest.xml:12:9-14:37
220            android:name="com.facebook.soloader.enabled"
220-->[com.facebook.soloader:soloader:0.12.1] AndroidManifest.xml:13:13-57
221            android:value="false" />
221-->[com.facebook.soloader:soloader:0.12.1] AndroidManifest.xml:14:13-34
222    </application>
223
224</manifest>